<?xml version="1.0" encoding="UTF-8"?>
<testsuite name="com.theironyard.BeerTrackerSpringApplicationTests" tests="1" skipped="0" failures="0" errors="0" timestamp="2016-10-12T22:02:56" hostname="JastrowMac.local" time="0.002">
  <properties/>
  <testcase name="contextLoads" classname="com.theironyard.BeerTrackerSpringApplicationTests" time="0.002"/>
  <system-out><![CDATA[17:02:52.307 [Test worker] DEBUG org.springframework.test.context.junit4.SpringJUnit4ClassRunner - SpringJUnit4ClassRunner constructor called with [class com.theironyard.BeerTrackerSpringApplicationTests]
17:02:52.311 [Test worker] DEBUG org.springframework.test.context.BootstrapUtils - Instantiating CacheAwareContextLoaderDelegate from class [org.springframework.test.context.cache.DefaultCacheAwareContextLoaderDelegate]
17:02:52.314 [Test worker] DEBUG org.springframework.test.context.BootstrapUtils - Instantiating BootstrapContext using constructor [public org.springframework.test.context.support.DefaultBootstrapContext(java.lang.Class,org.springframework.test.context.CacheAwareContextLoaderDelegate)]
17:02:52.324 [Test worker] DEBUG org.springframework.test.context.BootstrapUtils - Instantiating TestContextBootstrapper for test class [com.theironyard.BeerTrackerSpringApplicationTests] from class [org.springframework.test.context.web.WebTestContextBootstrapper]
17:02:52.339 [Test worker] DEBUG org.springframework.test.context.web.WebTestContextBootstrapper - Found explicit ContextLoader class [org.springframework.boot.test.SpringApplicationContextLoader] for context configuration attributes [ContextConfigurationAttributes@772e8a03 declaringClass = 'com.theironyard.BeerTrackerSpringApplicationTests', classes = '{class com.theironyard.BeerTrackerSpringApplication}', locations = '{}', inheritLocations = true, initializers = '{}', inheritInitializers = true, name = [null], contextLoaderClass = 'org.springframework.boot.test.SpringApplicationContextLoader']
17:02:52.345 [Test worker] DEBUG org.springframework.test.context.support.AbstractContextLoader - Did not detect default resource location for test class [com.theironyard.BeerTrackerSpringApplicationTests]: class path resource [com/theironyard/BeerTrackerSpringApplicationTests-context.xml] does not exist
17:02:52.345 [Test worker] DEBUG org.springframework.test.context.support.AbstractContextLoader - Did not detect default resource location for test class [com.theironyard.BeerTrackerSpringApplicationTests]: class path resource [com/theironyard/BeerTrackerSpringApplicationTestsContext.groovy] does not exist
17:02:52.345 [Test worker] INFO org.springframework.test.context.support.AbstractContextLoader - Could not detect default resource locations for test class [com.theironyard.BeerTrackerSpringApplicationTests]: no resource found for suffixes {-context.xml, Context.groovy}.
17:02:52.347 [Test worker] DEBUG org.springframework.test.context.support.ActiveProfilesUtils - Could not find an 'annotation declaring class' for annotation type [org.springframework.test.context.ActiveProfiles] and class [com.theironyard.BeerTrackerSpringApplicationTests]
17:02:52.349 [Test worker] DEBUG org.springframework.test.context.web.WebTestContextBootstrapper - @TestExecutionListeners is not present for class [com.theironyard.BeerTrackerSpringApplicationTests]: using defaults.
17:02:52.355 [Test worker] INFO org.springframework.test.context.web.WebTestContextBootstrapper - Loaded default TestExecutionListener class names from location [META-INF/spring.factories]: [org.springframework.test.context.web.ServletTestExecutionListener, org.springframework.test.context.support.DirtiesContextBeforeModesTestExecutionListener, org.springframework.test.context.support.DependencyInjectionTestExecutionListener, org.springframework.test.context.support.DirtiesContextTestExecutionListener, org.springframework.test.context.transaction.TransactionalTestExecutionListener, org.springframework.test.context.jdbc.SqlScriptsTestExecutionListener]
17:02:52.369 [Test worker] INFO org.springframework.test.context.web.WebTestContextBootstrapper - Using TestExecutionListeners: [org.springframework.test.context.web.ServletTestExecutionListener@75105a3d, org.springframework.test.context.support.DirtiesContextBeforeModesTestExecutionListener@6e9f2168, org.springframework.test.context.support.DependencyInjectionTestExecutionListener@17788464, org.springframework.test.context.support.DirtiesContextTestExecutionListener@ea1911e, org.springframework.test.context.transaction.TransactionalTestExecutionListener@7917e345, org.springframework.test.context.jdbc.SqlScriptsTestExecutionListener@6e14196e]
17:02:52.371 [Test worker] DEBUG org.springframework.test.annotation.ProfileValueUtils - Retrieved @ProfileValueSourceConfiguration [null] for test class [com.theironyard.BeerTrackerSpringApplicationTests]
17:02:52.372 [Test worker] DEBUG org.springframework.test.annotation.ProfileValueUtils - Retrieved ProfileValueSource type [class org.springframework.test.annotation.SystemProfileValueSource] for class [com.theironyard.BeerTrackerSpringApplicationTests]
17:02:52.372 [Test worker] DEBUG org.springframework.test.annotation.ProfileValueUtils - Retrieved @ProfileValueSourceConfiguration [null] for test class [com.theironyard.BeerTrackerSpringApplicationTests]
17:02:52.373 [Test worker] DEBUG org.springframework.test.annotation.ProfileValueUtils - Retrieved ProfileValueSource type [class org.springframework.test.annotation.SystemProfileValueSource] for class [com.theironyard.BeerTrackerSpringApplicationTests]
17:02:52.375 [Test worker] DEBUG org.springframework.test.context.support.AbstractDirtiesContextTestExecutionListener - Before test class: context [DefaultTestContext@39cc718a testClass = BeerTrackerSpringApplicationTests, testInstance = [null], testMethod = [null], testException = [null], mergedContextConfiguration = [WebMergedContextConfiguration@706b9740 testClass = BeerTrackerSpringApplicationTests, locations = '{}', classes = '{class com.theironyard.BeerTrackerSpringApplication}', contextInitializerClasses = '[]', activeProfiles = '{}', propertySourceLocations = '{}', propertySourceProperties = '{}', resourceBasePath = 'src/main/webapp', contextLoader = 'org.springframework.boot.test.SpringApplicationContextLoader', parent = [null]]], class annotated with @DirtiesContext [false] with mode [null].
17:02:52.375 [Test worker] DEBUG org.springframework.test.annotation.ProfileValueUtils - Retrieved @ProfileValueSourceConfiguration [null] for test class [com.theironyard.BeerTrackerSpringApplicationTests]
17:02:52.375 [Test worker] DEBUG org.springframework.test.annotation.ProfileValueUtils - Retrieved ProfileValueSource type [class org.springframework.test.annotation.SystemProfileValueSource] for class [com.theironyard.BeerTrackerSpringApplicationTests]
17:02:52.424 [Test worker] DEBUG org.springframework.core.env.StandardEnvironment - Adding [systemProperties] PropertySource with lowest search precedence
17:02:52.425 [Test worker] DEBUG org.springframework.core.env.StandardEnvironment - Adding [systemEnvironment] PropertySource with lowest search precedence
17:02:52.425 [Test worker] DEBUG org.springframework.core.env.StandardEnvironment - Initialized StandardEnvironment with PropertySources [systemProperties,systemEnvironment]
17:02:52.426 [Test worker] DEBUG org.springframework.core.env.StandardEnvironment - Adding [integrationTest] PropertySource with search precedence immediately lower than [systemEnvironment]

  .   ____          _            __ _ _
 /\\ / ___'_ __ _ _(_)_ __  __ _ \ \ \ \
( ( )\___ | '_ | '_| | '_ \/ _` | \ \ \ \
 \\/  ___)| |_)| | | | | || (_| |  ) ) ) )
  '  |____| .__|_| |_|_| |_\__, | / / / /
 =========|_|==============|___/=/_/_/_/
 :: Spring Boot ::        (v1.3.5.RELEASE)

2016-10-12 17:02:52.631  INFO 6975 --- [    Test worker] c.t.BeerTrackerSpringApplicationTests    : Starting BeerTrackerSpringApplicationTests on JastrowMac.local with PID 6975 (/Users/johnjastrow/workspace/BeerTrackerSpring/build/classes/test started by johnjastrow in /Users/johnjastrow/workspace/BeerTrackerSpring)
2016-10-12 17:02:52.631  INFO 6975 --- [    Test worker] c.t.BeerTrackerSpringApplicationTests    : No active profile set, falling back to default profiles: default
2016-10-12 17:02:52.683  INFO 6975 --- [    Test worker] o.s.w.c.s.GenericWebApplicationContext   : Refreshing org.springframework.web.context.support.GenericWebApplicationContext@3cc872a: startup date [Wed Oct 12 17:02:52 CDT 2016]; root of context hierarchy
2016-10-12 17:02:53.610  INFO 6975 --- [    Test worker] trationDelegate$BeanPostProcessorChecker : Bean 'org.springframework.transaction.annotation.ProxyTransactionManagementConfiguration' of type [class org.springframework.transaction.annotation.ProxyTransactionManagementConfiguration$$EnhancerBySpringCGLIB$$2a802a69] is not eligible for getting processed by all BeanPostProcessors (for example: not eligible for auto-proxying)
2016-10-12 17:02:53.918  INFO 6975 --- [    Test worker] j.LocalContainerEntityManagerFactoryBean : Building JPA container EntityManagerFactory for persistence unit 'default'
2016-10-12 17:02:53.936  INFO 6975 --- [    Test worker] o.hibernate.jpa.internal.util.LogHelper  : HHH000204: Processing PersistenceUnitInfo [
	name: default
	...]
2016-10-12 17:02:53.988  INFO 6975 --- [    Test worker] org.hibernate.Version                    : HHH000412: Hibernate Core {4.3.11.Final}
2016-10-12 17:02:53.989  INFO 6975 --- [    Test worker] org.hibernate.cfg.Environment            : HHH000206: hibernate.properties not found
2016-10-12 17:02:53.990  INFO 6975 --- [    Test worker] org.hibernate.cfg.Environment            : HHH000021: Bytecode provider name : javassist
2016-10-12 17:02:54.130  INFO 6975 --- [    Test worker] o.hibernate.annotations.common.Version   : HCANN000001: Hibernate Commons Annotations {4.0.5.Final}
2016-10-12 17:02:54.326  INFO 6975 --- [    Test worker] org.hibernate.dialect.Dialect            : HHH000400: Using dialect: org.hibernate.dialect.H2Dialect
2016-10-12 17:02:54.413  INFO 6975 --- [    Test worker] o.h.h.i.ast.ASTQueryTranslatorFactory    : HHH000397: Using ASTQueryTranslatorFactory
2016-10-12 17:02:54.654  INFO 6975 --- [    Test worker] org.hibernate.tool.hbm2ddl.SchemaUpdate  : HHH000228: Running hbm2ddl schema update
2016-10-12 17:02:54.654  INFO 6975 --- [    Test worker] org.hibernate.tool.hbm2ddl.SchemaUpdate  : HHH000102: Fetching database metadata
2016-10-12 17:02:54.656  INFO 6975 --- [    Test worker] org.hibernate.tool.hbm2ddl.SchemaUpdate  : HHH000396: Updating schema
2016-10-12 17:02:54.662  INFO 6975 --- [    Test worker] java.sql.DatabaseMetaData                : HHH000262: Table not found: beers
2016-10-12 17:02:54.663  INFO 6975 --- [    Test worker] java.sql.DatabaseMetaData                : HHH000262: Table not found: users
2016-10-12 17:02:54.664  INFO 6975 --- [    Test worker] java.sql.DatabaseMetaData                : HHH000262: Table not found: beers
2016-10-12 17:02:54.665  INFO 6975 --- [    Test worker] java.sql.DatabaseMetaData                : HHH000262: Table not found: users
2016-10-12 17:02:54.665  INFO 6975 --- [    Test worker] java.sql.DatabaseMetaData                : HHH000262: Table not found: beers
2016-10-12 17:02:54.667  INFO 6975 --- [    Test worker] java.sql.DatabaseMetaData                : HHH000262: Table not found: users
2016-10-12 17:02:54.680  INFO 6975 --- [    Test worker] org.hibernate.tool.hbm2ddl.SchemaUpdate  : HHH000232: Schema update complete
2016-10-12 17:02:54.955  WARN 6975 --- [    Test worker] o.h.hql.internal.ast.HqlSqlWalker        : [DEPRECATION] Encountered positional parameter near line 1, column 83 in HQL: [SELECT b FROM com.theironyard.entities.Beer b WHERE LOWER(name) LIKE '%' || LOWER(?) || '%'].  Positional parameter are considered deprecated; use named parameters or JPA-style positional parameters instead.
2016-10-12 17:02:55.692  INFO 6975 --- [    Test worker] s.w.s.m.m.a.RequestMappingHandlerAdapter : Looking for @ControllerAdvice: org.springframework.web.context.support.GenericWebApplicationContext@3cc872a: startup date [Wed Oct 12 17:02:52 CDT 2016]; root of context hierarchy
2016-10-12 17:02:55.785  INFO 6975 --- [    Test worker] s.w.s.m.m.a.RequestMappingHandlerMapping : Mapped "{[/add-beer]}" onto public com.theironyard.entities.Beer com.theironyard.controllers.BeerTrackerController.addBeer(java.lang.String,java.lang.String,int,javax.servlet.http.HttpSession,javax.servlet.http.HttpServletResponse) throws java.lang.Exception
2016-10-12 17:02:55.785  INFO 6975 --- [    Test worker] s.w.s.m.m.a.RequestMappingHandlerMapping : Mapped "{[/edit-beer]}" onto public com.theironyard.entities.Beer com.theironyard.controllers.BeerTrackerController.editBeer(int,java.lang.String,java.lang.String,javax.servlet.http.HttpSession,javax.servlet.http.HttpServletResponse) throws java.lang.Exception
2016-10-12 17:02:55.786  INFO 6975 --- [    Test worker] s.w.s.m.m.a.RequestMappingHandlerMapping : Mapped "{[/]}" onto public java.lang.String com.theironyard.controllers.BeerTrackerController.home(javax.servlet.http.HttpSession,org.springframework.ui.Model,java.lang.String,java.lang.Integer,java.lang.String)
2016-10-12 17:02:55.786  INFO 6975 --- [    Test worker] s.w.s.m.m.a.RequestMappingHandlerMapping : Mapped "{[/login]}" onto public com.theironyard.entities.User com.theironyard.controllers.BeerTrackerController.login(java.lang.String,java.lang.String,javax.servlet.http.HttpSession,javax.servlet.http.HttpServletResponse) throws java.lang.Exception
2016-10-12 17:02:55.786  INFO 6975 --- [    Test worker] s.w.s.m.m.a.RequestMappingHandlerMapping : Mapped "{[/logout]}" onto public void com.theironyard.controllers.BeerTrackerController.logout(javax.servlet.http.HttpSession,javax.servlet.http.HttpServletResponse) throws java.lang.Exception
2016-10-12 17:02:55.788  INFO 6975 --- [    Test worker] s.w.s.m.m.a.RequestMappingHandlerMapping : Mapped "{[/error]}" onto public org.springframework.http.ResponseEntity<java.util.Map<java.lang.String, java.lang.Object>> org.springframework.boot.autoconfigure.web.BasicErrorController.error(javax.servlet.http.HttpServletRequest)
2016-10-12 17:02:55.788  INFO 6975 --- [    Test worker] s.w.s.m.m.a.RequestMappingHandlerMapping : Mapped "{[/error],produces=[text/html]}" onto public org.springframework.web.servlet.ModelAndView org.springframework.boot.autoconfigure.web.BasicErrorController.errorHtml(javax.servlet.http.HttpServletRequest,javax.servlet.http.HttpServletResponse)
2016-10-12 17:02:55.812  INFO 6975 --- [    Test worker] o.s.w.s.handler.SimpleUrlHandlerMapping  : Mapped URL path [/webjars/**] onto handler of type [class org.springframework.web.servlet.resource.ResourceHttpRequestHandler]
2016-10-12 17:02:55.812  INFO 6975 --- [    Test worker] o.s.w.s.handler.SimpleUrlHandlerMapping  : Mapped URL path [/**] onto handler of type [class org.springframework.web.servlet.resource.ResourceHttpRequestHandler]
2016-10-12 17:02:55.836  INFO 6975 --- [    Test worker] o.s.w.s.handler.SimpleUrlHandlerMapping  : Mapped URL path [/**/favicon.ico] onto handler of type [class org.springframework.web.servlet.resource.ResourceHttpRequestHandler]
2016-10-12 17:02:56.093  INFO 6975 --- [    Test worker] c.t.BeerTrackerSpringApplicationTests    : Started BeerTrackerSpringApplicationTests in 3.659 seconds (JVM running for 4.233)
]]></system-out>
  <system-err><![CDATA[]]></system-err>
</testsuite>
